2024-05-13 14:11:20,638 :INFO : utilities.customeLogger :****** Verifying Homepage title ******
2024-05-13 14:11:21,552 :ERROR : utilities.customeLogger :****** Homepage title test is failed ******
2024-05-13 14:12:48,397 :INFO : utilities.customeLogger :An information statement is executed
2024-05-13 14:12:48,399 :WARNING : utilities.customeLogger :A warning message is executed
2024-05-13 14:12:48,399 :ERROR : utilities.customeLogger :An error message is executed
2024-05-13 14:12:48,399 :CRITICAL : utilities.customeLogger :A critical message is executed
2024-05-13 14:12:50,188 :INFO : utilities.customeLogger :****** Verifying Homepage title ******
2024-05-13 14:12:50,909 :INFO : utilities.customeLogger :****** Homepage title test is passed ******
2024-05-13 14:14:23,309 :INFO : root :****** Verifying Homepage title ******
2024-05-13 14:14:23,900 :INFO : root :****** Homepage title test is passed ******
2024-05-13 14:17:19,803 :INFO : root :****** Verifying Homepage title ******
2024-05-13 14:17:20,381 :INFO : root :****** Homepage title test is passed ******
2024-05-13 14:17:22,275 :INFO : root :****** Verifying login test ******
2024-05-13 14:17:24,661 :INFO : root :****** Login test passed ******
2024-05-13 14:18:10,106 :INFO : root :****** Verifying Homepage title ******
2024-05-13 14:18:10,804 :INFO : root :****** Homepage title test is passed ******
2024-05-13 14:18:12,313 :INFO : root :****** Verifying login test ******
2024-05-13 14:18:14,111 :INFO : root :****** Login test passed ******
2024-05-13 16:50:07,433 :INFO : root :****** Verifying Homepage title ******
2024-05-13 16:50:08,034 :INFO : root :****** Homepage title test is passed ******
2024-05-13 16:50:09,584 :INFO : root :****** Verifying login test ******
2024-05-13 16:50:11,597 :INFO : root :****** Login test passed ******
2024-05-13 18:34:53,517 :INFO : root :****** Verifying Homepage title ******
2024-05-13 18:34:56,190 :INFO : root :****** Homepage title test is passed ******
2024-05-13 18:34:57,861 :INFO : root :****** Verifying login test ******
2024-05-13 18:35:00,627 :ERROR : root :****** Login test is failed ******
2024-05-13 23:41:39,434 :INFO : root :****** Verifying login test ******
2024-05-13 23:41:39,437 :INFO : root :****** Verifying Homepage title ******
2024-05-13 23:41:40,677 :INFO : root :****** Homepage title test is passed ******
2024-05-13 23:41:42,547 :INFO : root :****** Login test passed ******
2024-05-14 19:11:00,273 :INFO : root :****** Verifying Homepage title ******
2024-05-14 19:11:01,846 :INFO : root :****** Homepage title test is passed ******
2024-05-14 19:11:03,496 :INFO : root :****** Verifying login test ******
2024-05-14 19:11:06,636 :ERROR : root :****** Login test is failed ******
2024-05-14 19:13:15,906 :INFO : root :****** Verifying Homepage title ******
2024-05-14 19:13:16,602 :INFO : root :****** Homepage title test is passed ******
2024-05-14 19:13:18,647 :INFO : root :****** Verifying login test ******
2024-05-14 19:13:20,811 :INFO : root :****** Login test passed ******
2024-05-14 19:32:10,666 :INFO : root :****** Verifying login test ******
2024-05-14 19:32:12,203 :ERROR : root :****** Login test is failed ******
2024-05-14 19:32:14,206 :INFO : root :****** Verifying login test ******
2024-05-14 19:32:15,685 :ERROR : root :****** Login test is failed ******
2024-05-14 19:32:17,775 :INFO : root :****** Verifying login test ******
2024-05-14 19:32:19,559 :ERROR : root :****** Login test is failed ******
2024-05-14 19:32:21,714 :INFO : root :****** Verifying login test ******
2024-05-14 19:32:23,461 :ERROR : root :****** Login test is failed ******
2024-05-14 19:32:25,877 :INFO : root :****** Verifying login test ******
2024-05-14 19:32:27,484 :ERROR : root :****** Login test is failed ******
2024-05-14 19:37:49,330 :INFO : root :****** Verifying login test ******
2024-05-14 19:37:51,161 :ERROR : root :****** Login test is failed ******
2024-05-14 19:37:52,945 :INFO : root :****** Verifying login test ******
2024-05-14 19:37:54,826 :ERROR : root :****** Login test is failed ******
2024-05-14 19:37:57,009 :INFO : root :****** Verifying login test ******
2024-05-14 19:37:59,292 :INFO : root :****** Verifying login test ******
2024-05-14 19:38:00,833 :ERROR : root :****** Login test is failed ******
2024-05-14 19:38:02,425 :INFO : root :****** Verifying login test ******
2024-05-14 19:38:03,948 :ERROR : root :****** Login test is failed ******
2024-05-14 19:42:08,608 :INFO : root :****** Verifying login test ******
2024-05-14 19:42:10,152 :ERROR : root :****** Login test is failed ******
2024-05-14 19:42:12,075 :INFO : root :****** Verifying login test ******
2024-05-14 19:42:14,151 :ERROR : root :****** Login test is failed ******
2024-05-14 19:42:16,486 :INFO : root :****** Verifying login test ******
2024-05-14 19:42:18,219 :ERROR : root :****** Login test is failed ******
2024-05-14 19:42:20,452 :INFO : root :****** Verifying login test ******
2024-05-14 19:42:22,157 :ERROR : root :****** Login test is failed ******
2024-05-14 19:42:24,579 :INFO : root :****** Verifying login test ******
2024-05-14 19:42:26,418 :ERROR : root :****** Login test is failed ******
2024-05-15 23:51:28,096 :INFO : root :****** Verifying login test ******
2024-05-15 23:51:29,786 :ERROR : root :****** Login test is failed ******
2024-05-15 23:51:31,842 :INFO : root :****** Verifying login test ******
2024-05-15 23:51:33,329 :ERROR : root :****** Login test is failed ******
2024-05-15 23:51:35,422 :INFO : root :****** Verifying login test ******
2024-05-15 23:51:37,016 :ERROR : root :****** Login test is failed ******
2024-05-15 23:51:39,035 :INFO : root :****** Verifying login test ******
2024-05-15 23:51:40,788 :ERROR : root :****** Login test is failed ******
2024-05-15 23:51:43,429 :INFO : root :****** Verifying login test ******
2024-05-15 23:51:45,252 :ERROR : root :****** Login test is failed ******
2024-05-19 01:03:36,212 :INFO : root :****** Verifying add customer test ******
2024-05-19 01:03:38,856 :INFO : root :****** Login successful******
2024-05-19 01:14:26,700 :INFO : root :****** Verifying add customer test ******
2024-05-19 01:14:31,028 :INFO : root :****** Login successful******
2024-05-19 01:22:07,783 :INFO : root :****** Verifying add customer test ******
2024-05-19 01:22:09,814 :INFO : root :****** Login successful******
2024-05-19 01:25:31,623 :INFO : root :****** Verifying add customer test ******
2024-05-19 01:25:33,836 :INFO : root :****** Login successful******
2024-05-19 01:25:34,395 :INFO : root :****** navigating to customers list page ******
2024-05-19 01:25:34,884 :INFO : root :****** navigating to add customer page ******
2024-05-19 01:27:15,127 :INFO : root :****** Verifying add customer test ******
2024-05-19 01:27:17,090 :INFO : root :****** Login successful******
2024-05-19 01:27:17,660 :INFO : root :****** navigating to customers list page ******
2024-05-19 01:27:18,391 :INFO : root :****** navigating to add customer page ******
2024-05-19 01:28:49,674 :INFO : root :****** Verifying add customer test ******
2024-05-19 01:28:51,672 :INFO : root :****** Login successful******
2024-05-19 01:28:52,388 :INFO : root :****** navigating to customers list page ******
2024-05-19 01:28:53,009 :INFO : root :****** navigating to add customer page ******
2024-05-19 01:30:14,026 :INFO : root :****** Verifying add customer test ******
2024-05-19 01:30:16,213 :INFO : root :****** Login successful******
2024-05-19 01:30:16,987 :INFO : root :****** navigating to customers list page ******
2024-05-19 01:30:17,640 :INFO : root :****** navigating to add customer page ******
2024-05-19 01:32:23,771 :INFO : root :****** Verifying add customer test ******
2024-05-19 01:32:26,077 :INFO : root :****** Login successful******
2024-05-19 01:32:26,718 :INFO : root :****** navigating to customers list page ******
2024-05-19 01:32:27,560 :INFO : root :****** navigating to add customer page ******
2024-05-19 12:28:55,071 :INFO : root :****** Verifying add customer test ******
2024-05-19 12:28:57,027 :INFO : root :****** Login successful******
2024-05-19 12:28:57,978 :INFO : root :****** navigating to customers list page ******
2024-05-19 13:10:10,705 :INFO : root :****** Verifying add customer test ******
2024-05-19 13:10:13,283 :INFO : root :****** Login successful******
2024-05-19 13:11:06,897 :INFO : root :****** Verifying add customer test ******
2024-05-19 13:11:08,541 :INFO : root :****** Login successful******
2024-05-19 13:11:09,625 :INFO : root :****** navigating to customers list page ******
2024-05-19 13:11:48,693 :INFO : root :****** Verifying add customer test ******
2024-05-19 13:11:51,000 :INFO : root :****** Login successful******
2024-05-19 13:11:52,059 :INFO : root :****** navigating to customers list page ******
2024-05-19 13:15:51,640 :INFO : root :****** Verifying add customer test ******
2024-05-19 13:15:53,809 :INFO : root :****** Login successful******
2024-05-19 13:15:54,506 :INFO : root :****** navigating to customers list page ******
2024-05-19 13:18:05,027 :INFO : root :****** Verifying add customer test ******
2024-05-19 13:18:06,903 :INFO : root :****** Login successful******
2024-05-19 13:18:07,652 :INFO : root :****** navigating to customers list page ******
2024-05-19 13:20:11,942 :INFO : root :****** Verifying add customer test ******
2024-05-19 13:20:14,361 :INFO : root :****** Login successful******
2024-05-19 13:21:02,853 :INFO : root :****** Verifying add customer test ******
2024-05-19 13:21:04,716 :INFO : root :****** Login successful******
2024-05-19 13:21:05,390 :INFO : root :****** navigating to customers list page ******
2024-05-19 13:30:18,430 :INFO : root :****** Verifying add customer test ******
2024-05-19 13:30:20,400 :INFO : root :****** Login successful******
2024-05-19 13:30:21,001 :INFO : root :****** navigating to customers list page ******
2024-05-19 13:36:39,963 :INFO : root :****** Verifying add customer test ******
2024-05-19 13:36:42,205 :INFO : root :****** Login successful******
2024-05-19 13:36:42,824 :INFO : root :****** navigating to customers list page ******
2024-05-19 13:50:34,976 :INFO : root :****** Verifying add customer test ******
2024-05-19 13:50:36,867 :INFO : root :****** Login successful******
2024-05-19 13:50:37,557 :INFO : root :****** navigating to customers list page ******
2024-05-19 13:59:34,808 :INFO : root :****** Verifying add customer test ******
2024-05-19 13:59:39,484 :INFO : root :****** Login successful******
2024-05-19 13:59:40,169 :INFO : root :****** navigating to customers list page ******
2024-05-19 14:17:32,049 :INFO : root :****** Verifying add customer test ******
2024-05-19 14:17:33,795 :INFO : root :****** Login successful******
2024-05-19 14:17:35,816 :INFO : root :****** navigating to customers list page ******
2024-05-19 17:01:48,061 :INFO : root :****** Verifying add customer test ******
2024-05-19 17:01:51,343 :INFO : root :****** Login successful******
2024-05-19 17:01:51,978 :INFO : root :****** navigating to customers list page ******
2024-05-19 17:06:33,110 :INFO : root :****** Verifying add customer test ******
2024-05-19 17:06:35,567 :INFO : root :****** Login successful******
2024-05-19 17:06:36,446 :INFO : root :****** navigating to customers list page ******
2024-05-19 17:12:44,481 :INFO : root :****** Verifying add customer test ******
2024-05-19 17:12:46,374 :INFO : root :****** Login successful******
2024-05-19 17:12:47,057 :INFO : root :****** navigating to customers list page ******
2024-05-19 17:33:43,556 :INFO : root :****** Verifying add customer test ******
2024-05-19 17:33:45,586 :INFO : root :****** Login successful******
2024-05-19 17:33:46,084 :INFO : root :****** navigating to customers list page ******
2024-05-19 17:49:48,193 :INFO : root :****** Verifying add customer test ******
2024-05-19 17:49:50,015 :INFO : root :****** Login successful******
2024-05-19 17:49:51,156 :INFO : root :****** navigating to customers list page ******
2024-05-19 17:54:59,950 :INFO : root :****** Verifying add customer test ******
2024-05-19 17:55:01,924 :INFO : root :****** Login successful******
2024-05-19 17:55:02,713 :INFO : root :****** navigating to customers list page ******
2024-05-19 17:55:29,776 :INFO : root :****** Verifying add customer test ******
2024-05-19 17:55:31,684 :INFO : root :****** Login successful******
2024-05-19 17:55:32,647 :INFO : root :****** navigating to customers list page ******
2024-05-19 17:57:29,044 :INFO : root :****** Verifying add customer test ******
2024-05-19 17:57:31,282 :INFO : root :****** Login successful******
2024-05-19 17:57:32,098 :INFO : root :****** navigating to customers list page ******
2024-05-19 17:59:43,719 :INFO : root :****** Verifying add customer test ******
2024-05-19 17:59:46,444 :INFO : root :****** Login successful******
2024-05-19 17:59:47,970 :INFO : root :****** navigating to customers list page ******
2024-05-19 17:59:54,012 :INFO : root :****** customer found successfully. ******
2024-05-19 18:02:05,878 :INFO : root :****** Verifying add customer test ******
2024-05-19 18:02:07,964 :INFO : root :****** Login successful******
2024-05-19 18:02:09,058 :INFO : root :****** navigating to customers list page ******
2024-05-19 18:02:14,485 :INFO : root :****** customer found successfully. ******
2024-05-19 18:14:07,919 :INFO : root :****** Verifying add customer test ******
2024-05-19 18:14:07,919 :INFO : root :****** Verifying add customer test ******
2024-05-19 18:14:07,919 :INFO : root :****** Verifying add customer test ******
2024-05-19 18:14:07,919 :INFO : root :****** Verifying add customer test ******
2024-05-19 18:14:10,494 :INFO : root :****** Login successful******
2024-05-19 18:14:10,494 :INFO : root :****** Login successful******
2024-05-19 18:14:10,494 :INFO : root :****** Login successful******
2024-05-19 18:14:10,494 :INFO : root :****** Login successful******
2024-05-19 18:14:11,755 :INFO : root :****** navigating to customers list page ******
2024-05-19 18:14:11,755 :INFO : root :****** navigating to customers list page ******
2024-05-19 18:14:11,755 :INFO : root :****** navigating to customers list page ******
2024-05-19 18:14:11,755 :INFO : root :****** navigating to customers list page ******
2024-05-19 18:14:12,820 :INFO : root :****** navigating to add customer page ******
2024-05-19 18:14:12,820 :INFO : root :****** navigating to add customer page ******
2024-05-19 18:14:12,820 :INFO : root :****** navigating to add customer page ******
2024-05-19 18:14:12,820 :INFO : root :****** navigating to add customer page ******
2024-05-19 18:14:15,393 :INFO : root :****** customer added successfully. ******
2024-05-19 18:14:15,393 :INFO : root :****** customer added successfully. ******
2024-05-19 18:14:15,393 :INFO : root :****** customer added successfully. ******
2024-05-19 18:14:15,393 :INFO : root :****** customer added successfully. ******
2024-05-19 18:14:17,750 :INFO : root :****** Verifying login test ******
2024-05-19 18:14:17,750 :INFO : root :****** Verifying login test ******
2024-05-19 18:14:17,750 :INFO : root :****** Verifying login test ******
2024-05-19 18:14:17,750 :INFO : root :****** Verifying login test ******
2024-05-19 18:14:20,648 :INFO : root :****** Login test passed ******
2024-05-19 18:14:20,648 :INFO : root :****** Login test passed ******
2024-05-19 18:14:20,648 :INFO : root :****** Login test passed ******
2024-05-19 18:14:20,648 :INFO : root :****** Login test passed ******
2024-05-19 22:48:44,214 :INFO : root :****** Verifying add customer test ******
2024-05-19 22:48:44,214 :INFO : root :****** Verifying add customer test ******
2024-05-19 22:48:44,214 :INFO : root :****** Verifying add customer test ******
2024-05-19 22:48:44,214 :INFO : root :****** Verifying add customer test ******
2024-05-19 22:48:46,076 :INFO : root :****** Login successful******
2024-05-19 22:48:46,076 :INFO : root :****** Login successful******
2024-05-19 22:48:46,076 :INFO : root :****** Login successful******
2024-05-19 22:48:46,076 :INFO : root :****** Login successful******
2024-05-19 22:48:47,686 :INFO : root :****** navigating to customers list page ******
2024-05-19 22:48:47,686 :INFO : root :****** navigating to customers list page ******
2024-05-19 22:48:47,686 :INFO : root :****** navigating to customers list page ******
2024-05-19 22:48:47,686 :INFO : root :****** navigating to customers list page ******
2024-05-19 22:48:49,861 :INFO : root :****** navigating to add customer page ******
2024-05-19 22:48:49,861 :INFO : root :****** navigating to add customer page ******
2024-05-19 22:48:49,861 :INFO : root :****** navigating to add customer page ******
2024-05-19 22:48:49,861 :INFO : root :****** navigating to add customer page ******
2024-05-19 22:48:51,928 :INFO : root :****** customer added successfully. ******
2024-05-19 22:48:51,928 :INFO : root :****** customer added successfully. ******
2024-05-19 22:48:51,928 :INFO : root :****** customer added successfully. ******
2024-05-19 22:48:51,928 :INFO : root :****** customer added successfully. ******
2024-05-19 22:48:53,488 :INFO : root :****** Verifying login test ******
2024-05-19 22:48:53,488 :INFO : root :****** Verifying login test ******
2024-05-19 22:48:53,488 :INFO : root :****** Verifying login test ******
2024-05-19 22:48:53,488 :INFO : root :****** Verifying login test ******
2024-05-19 22:48:55,490 :INFO : root :****** Login test passed ******
2024-05-19 22:48:55,490 :INFO : root :****** Login test passed ******
2024-05-19 22:48:55,490 :INFO : root :****** Login test passed ******
2024-05-19 22:48:55,490 :INFO : root :****** Login test passed ******
2024-05-19 22:52:22,579 :INFO : root :****** Verifying add customer test ******
2024-05-19 22:52:22,579 :INFO : root :****** Verifying add customer test ******
2024-05-19 22:52:22,579 :INFO : root :****** Verifying add customer test ******
2024-05-19 22:52:22,579 :INFO : root :****** Verifying add customer test ******
2024-05-19 22:52:24,853 :INFO : root :****** Login successful******
2024-05-19 22:52:24,853 :INFO : root :****** Login successful******
2024-05-19 22:52:24,853 :INFO : root :****** Login successful******
2024-05-19 22:52:24,853 :INFO : root :****** Login successful******
2024-05-19 22:52:25,356 :INFO : root :****** navigating to customers list page ******
2024-05-19 22:52:25,356 :INFO : root :****** navigating to customers list page ******
2024-05-19 22:52:25,356 :INFO : root :****** navigating to customers list page ******
2024-05-19 22:52:25,356 :INFO : root :****** navigating to customers list page ******
2024-05-19 22:52:26,035 :INFO : root :****** navigating to add customer page ******
2024-05-19 22:52:26,035 :INFO : root :****** navigating to add customer page ******
2024-05-19 22:52:26,035 :INFO : root :****** navigating to add customer page ******
2024-05-19 22:52:26,035 :INFO : root :****** navigating to add customer page ******
2024-05-19 22:52:28,535 :INFO : root :****** customer added successfully. ******
2024-05-19 22:52:28,535 :INFO : root :****** customer added successfully. ******
2024-05-19 22:52:28,535 :INFO : root :****** customer added successfully. ******
2024-05-19 22:52:28,535 :INFO : root :****** customer added successfully. ******
2024-05-19 22:52:30,195 :INFO : root :****** Verifying login test ******
2024-05-19 22:52:30,195 :INFO : root :****** Verifying login test ******
2024-05-19 22:52:30,195 :INFO : root :****** Verifying login test ******
2024-05-19 22:52:30,195 :INFO : root :****** Verifying login test ******
2024-05-19 22:52:32,871 :INFO : root :****** Login test passed ******
2024-05-19 22:52:32,871 :INFO : root :****** Login test passed ******
2024-05-19 22:52:32,871 :INFO : root :****** Login test passed ******
2024-05-19 22:52:32,871 :INFO : root :****** Login test passed ******
